2019-04-01 14:38:59,478 INFO o.a.j.u.JMeterUtils: Setting Locale to en_IN
2019-04-01 14:38:59,497 INFO o.a.j.JMeter: Loading user properties from: user.properties
2019-04-01 14:38:59,497 INFO o.a.j.JMeter: Loading system properties from: system.properties
2019-04-01 14:38:59,501 INFO o.a.j.JMeter: Copyright (c) 1998-2018 The Apache Software Foundation
2019-04-01 14:38:59,502 INFO o.a.j.JMeter: Version 4.0 r1823414
2019-04-01 14:38:59,502 INFO o.a.j.JMeter: java.version=1.8.0_201
2019-04-01 14:38:59,502 INFO o.a.j.JMeter: java.vm.name=Java HotSpot(TM) 64-Bit Server VM
2019-04-01 14:38:59,502 INFO o.a.j.JMeter: os.name=Mac OS X
2019-04-01 14:38:59,502 INFO o.a.j.JMeter: os.arch=x86_64
2019-04-01 14:38:59,502 INFO o.a.j.JMeter: os.version=10.13.6
2019-04-01 14:38:59,502 INFO o.a.j.JMeter: file.encoding=US-ASCII
2019-04-01 14:38:59,502 INFO o.a.j.JMeter: Max memory     =514850816
2019-04-01 14:38:59,502 INFO o.a.j.JMeter: Available Processors =8
2019-04-01 14:38:59,505 INFO o.a.j.JMeter: Default Locale=English (India)
2019-04-01 14:38:59,505 INFO o.a.j.JMeter: JMeter  Locale=English (India)
2019-04-01 14:38:59,505 INFO o.a.j.JMeter: JMeterHome=/Users/rajeshchaudhary/Documents/experiencePerformance/target/jmeter
2019-04-01 14:38:59,506 INFO o.a.j.JMeter: user.dir  =/Users/rajeshchaudhary/Documents/experiencePerformance/target/jmeter/bin
2019-04-01 14:38:59,506 INFO o.a.j.JMeter: PWD       =/Users/rajeshchaudhary/Documents/experiencePerformance/target/jmeter/bin
2019-04-01 14:38:59,553 INFO o.a.j.JMeter: IP: 10.10.212.34 Name: ip-10-10-212-34.ap-southeast-1.compute.internal FullName: ip-10-10-212-34.ap-southeast-1.compute.internal
2019-04-01 14:38:59,555 INFO o.a.j.JMeter: Setting property 'jmeter.reportgenerator.outputdir' to:'/Users/rajeshchaudhary/Documents/experiencePerformance/target/jmeter/reports/Experience_20190401_143858'
2019-04-01 14:38:59,557 INFO o.a.j.s.FileServer: Default base='/Users/rajeshchaudhary/Documents/experiencePerformance/target/jmeter/bin'
2019-04-01 14:38:59,562 INFO o.a.j.s.FileServer: Set new base='/Users/rajeshchaudhary/Documents/experiencePerformance/target/jmeter/testFiles'
2019-04-01 14:38:59,678 INFO o.a.j.s.SaveService: Testplan (JMX) version: 2.2. Testlog (JTL) version: 2.2
2019-04-01 14:38:59,695 INFO o.a.j.s.SaveService: Using SaveService properties file encoding UTF-8
2019-04-01 14:38:59,699 INFO o.a.j.s.SaveService: Using SaveService properties version 4.0
2019-04-01 14:38:59,705 INFO o.a.j.s.SaveService: Loading file: /Users/rajeshchaudhary/Documents/experiencePerformance/target/jmeter/testFiles/Experience.jmx
2019-04-01 14:38:59,746 INFO o.a.j.p.h.s.HTTPSamplerBase: Parser for text/html is org.apache.jmeter.protocol.http.parser.LagartoBasedHtmlParser
2019-04-01 14:38:59,746 INFO o.a.j.p.h.s.HTTPSamplerBase: Parser for application/xhtml+xml is org.apache.jmeter.protocol.http.parser.LagartoBasedHtmlParser
2019-04-01 14:38:59,746 INFO o.a.j.p.h.s.HTTPSamplerBase: Parser for application/xml is org.apache.jmeter.protocol.http.parser.LagartoBasedHtmlParser
2019-04-01 14:38:59,746 INFO o.a.j.p.h.s.HTTPSamplerBase: Parser for text/xml is org.apache.jmeter.protocol.http.parser.LagartoBasedHtmlParser
2019-04-01 14:38:59,746 INFO o.a.j.p.h.s.HTTPSamplerBase: Parser for text/vnd.wap.wml is org.apache.jmeter.protocol.http.parser.RegexpHTMLParser
2019-04-01 14:38:59,746 INFO o.a.j.p.h.s.HTTPSamplerBase: Parser for text/css is org.apache.jmeter.protocol.http.parser.CssParser
2019-04-01 14:38:59,764 INFO o.a.j.JMeter: Creating summariser <summary>
2019-04-01 14:38:59,768 INFO o.a.j.r.d.ReportGenerator: ReportGenerator will use for Parsing the separator: ','
2019-04-01 14:38:59,769 INFO o.a.j.r.d.ReportGenerator: Will generate report at end of test from  results file: /Users/rajeshchaudhary/Documents/experiencePerformance/target/jmeter/results/Experience.csv
2019-04-01 14:38:59,769 INFO o.a.j.r.d.ReportGenerator: Reading report generator properties from: /Users/rajeshchaudhary/Documents/experiencePerformance/target/jmeter/bin/reportgenerator.properties
2019-04-01 14:38:59,769 INFO o.a.j.r.d.ReportGenerator: Merging with JMeter properties
2019-04-01 14:38:59,773 INFO o.a.j.r.c.ReportGeneratorConfiguration: Property 'jmeter.reportgenerator.temp_dir' not found, using default value 'temp' instead.
2019-04-01 14:38:59,776 INFO o.a.j.r.c.ReportGeneratorConfiguration: Property 'jmeter.reportgenerator.apdex_per_transaction' not found, using default value 'null' instead.
2019-04-01 14:38:59,776 INFO o.a.j.r.c.ReportGeneratorConfiguration: apdex_per_transaction : {} is empty, not APDEX per transaction customization
2019-04-01 14:38:59,776 INFO o.a.j.r.c.ReportGeneratorConfiguration: Property 'jmeter.reportgenerator.sample_filter' not found, using default value 'null' instead.
2019-04-01 14:38:59,776 INFO o.a.j.r.c.ReportGeneratorConfiguration: Property 'jmeter.reportgenerator.report_title' not found, using default value 'null' instead.
2019-04-01 14:38:59,776 INFO o.a.j.r.c.ReportGeneratorConfiguration: Property 'jmeter.reportgenerator.start_date' not found, using default value 'null' instead.
2019-04-01 14:38:59,776 INFO o.a.j.r.c.ReportGeneratorConfiguration: Property 'jmeter.reportgenerator.end_date' not found, using default value 'null' instead.
2019-04-01 14:38:59,776 INFO o.a.j.r.c.ReportGeneratorConfiguration: Property 'jmeter.reportgenerator.date_format' not found, using default value 'null' instead.
2019-04-01 14:38:59,777 INFO o.a.j.r.c.ReportGeneratorConfiguration: Will use date range start date: null, end date: null
2019-04-01 14:38:59,781 INFO o.a.j.r.c.ReportGeneratorConfiguration: Property 'jmeter.reportgenerator.graph.activeThreadsOverTime.exclude_controllers' not found, using default value 'false' instead.
2019-04-01 14:38:59,781 INFO o.a.j.r.c.ReportGeneratorConfiguration: Property 'jmeter.reportgenerator.graph.timeVsThreads.exclude_controllers' not found, using default value 'false' instead.
2019-04-01 14:38:59,781 INFO o.a.j.r.c.ReportGeneratorConfiguration: Property 'jmeter.reportgenerator.graph.responseTimeDistribution.exclude_controllers' not found, using default value 'false' instead.
2019-04-01 14:38:59,781 INFO o.a.j.r.c.ReportGeneratorConfiguration: Property 'jmeter.reportgenerator.graph.transactionsPerSecond.exclude_controllers' not found, using default value 'false' instead.
2019-04-01 14:38:59,781 INFO o.a.j.r.c.ReportGeneratorConfiguration: Property 'jmeter.reportgenerator.graph.responseTimePercentiles.exclude_controllers' not found, using default value 'false' instead.
2019-04-01 14:38:59,781 INFO o.a.j.r.c.ReportGeneratorConfiguration: Property 'jmeter.reportgenerator.graph.responseTimePercentilesOverTime.exclude_controllers' not found, using default value 'false' instead.
2019-04-01 14:38:59,781 INFO o.a.j.r.c.ReportGeneratorConfiguration: Property 'jmeter.reportgenerator.graph.responseTimesOverTime.exclude_controllers' not found, using default value 'false' instead.
2019-04-01 14:38:59,782 INFO o.a.j.r.c.ReportGeneratorConfiguration: Property 'jmeter.reportgenerator.graph.connectTimeOverTime.exclude_controllers' not found, using default value 'false' instead.
2019-04-01 14:38:59,782 INFO o.a.j.r.c.ReportGeneratorConfiguration: Property 'jmeter.reportgenerator.graph.latenciesOverTime.exclude_controllers' not found, using default value 'false' instead.
2019-04-01 14:38:59,782 INFO o.a.j.r.c.ReportGeneratorConfiguration: Property 'jmeter.reportgenerator.exporter.html.filters_only_sample_series' not found, using default value 'true' instead.
2019-04-01 14:38:59,782 INFO o.a.j.r.c.ReportGeneratorConfiguration: Property 'jmeter.reportgenerator.exporter.html.series_filter' not found, using default value '' instead.
2019-04-01 14:38:59,783 INFO o.a.j.r.c.ReportGeneratorConfiguration: Property 'jmeter.reportgenerator.exporter.html.show_controllers_only' not found, using default value 'false' instead.
2019-04-01 14:38:59,786 INFO o.a.j.e.StandardJMeterEngine: Running the test!
2019-04-01 14:38:59,787 INFO o.a.j.s.SampleEvent: List of sample_variables: []
2019-04-01 14:38:59,787 INFO o.a.j.s.SampleEvent: List of sample_variables: []
2019-04-01 14:38:59,790 INFO o.a.j.e.u.CompoundVariable: Note: Function class names must contain the string: '.functions.'
2019-04-01 14:38:59,790 INFO o.a.j.e.u.CompoundVariable: Note: Function class names must not contain the string: '.gui.'
2019-04-01 14:39:00,104 INFO o.a.j.JMeter: Running test (1554109740104)
2019-04-01 14:39:00,155 INFO o.a.j.e.StandardJMeterEngine: Starting ThreadGroup: 1 : Thread Group
2019-04-01 14:39:00,155 INFO o.a.j.e.StandardJMeterEngine: Starting 10 threads for group Thread Group.
2019-04-01 14:39:00,155 INFO o.a.j.e.StandardJMeterEngine: Thread will continue on error
2019-04-01 14:39:00,156 INFO o.a.j.t.ThreadGroup: Starting thread group... number=1 threads=10 ramp-up=0 perThread=0.0 delayedStart=false
2019-04-01 14:39:00,162 INFO o.a.j.t.JMeterThread: Thread started: Thread Group 1-1
2019-04-01 14:39:00,162 INFO o.a.j.t.JMeterThread: Thread started: Thread Group 1-4
2019-04-01 14:39:00,162 INFO o.a.j.t.JMeterThread: Thread started: Thread Group 1-3
2019-04-01 14:39:00,162 INFO o.a.j.t.JMeterThread: Thread started: Thread Group 1-2
2019-04-01 14:39:00,162 INFO o.a.j.t.JMeterThread: Thread started: Thread Group 1-5
2019-04-01 14:39:00,162 INFO o.a.j.t.JMeterThread: Thread started: Thread Group 1-6
2019-04-01 14:39:00,163 INFO o.a.j.t.JMeterThread: Thread started: Thread Group 1-7
2019-04-01 14:39:00,163 INFO o.a.j.t.JMeterThread: Thread started: Thread Group 1-8
2019-04-01 14:39:00,163 INFO o.a.j.t.JMeterThread: Thread started: Thread Group 1-9
2019-04-01 14:39:00,164 INFO o.a.j.t.ThreadGroup: Started thread group number 1
2019-04-01 14:39:00,164 INFO o.a.j.e.StandardJMeterEngine: All thread groups have been started
2019-04-01 14:39:00,164 INFO o.a.j.t.JMeterThread: Thread started: Thread Group 1-10
2019-04-01 14:39:00,179 INFO o.a.j.p.h.s.HTTPHCAbstractImpl: Local host = ip-10-10-212-34.ap-southeast-1.compute.internal
2019-04-01 14:39:00,183 INFO o.a.j.p.h.s.HTTPHC4Impl: HTTP request retry count = 0
2019-04-01 14:39:00,189 INFO o.a.j.s.SampleResult: Note: Sample TimeStamps are START times
2019-04-01 14:39:00,189 INFO o.a.j.s.SampleResult: sampleresult.default.encoding is set to ISO-8859-1
2019-04-01 14:39:00,189 INFO o.a.j.s.SampleResult: sampleresult.useNanoTime=true
2019-04-01 14:39:00,189 INFO o.a.j.s.SampleResult: sampleresult.nanoThreadSleep=5000
2019-04-01 14:39:00,500 INFO o.a.j.r.Summariser: summary +      1 in 00:00:00 =    2.5/s Avg:   289 Min:   289 Max:   289 Err:     0 (0.00%) Active: 10 Started: 10 Finished: 0
2019-04-01 14:39:00,613 INFO o.a.j.t.JMeterThread: Thread is done: Thread Group 1-2
2019-04-01 14:39:00,613 INFO o.a.j.t.JMeterThread: Thread finished: Thread Group 1-2
2019-04-01 14:39:00,613 INFO o.a.j.t.JMeterThread: Thread is done: Thread Group 1-4
2019-04-01 14:39:00,613 INFO o.a.j.t.JMeterThread: Thread finished: Thread Group 1-4
2019-04-01 14:39:00,616 INFO o.a.j.t.JMeterThread: Thread is done: Thread Group 1-5
2019-04-01 14:39:00,616 INFO o.a.j.t.JMeterThread: Thread finished: Thread Group 1-5
2019-04-01 14:39:00,624 INFO o.a.j.t.JMeterThread: Thread is done: Thread Group 1-3
2019-04-01 14:39:00,624 INFO o.a.j.t.JMeterThread: Thread finished: Thread Group 1-3
2019-04-01 14:39:00,753 INFO o.a.j.t.JMeterThread: Thread is done: Thread Group 1-7
2019-04-01 14:39:00,753 INFO o.a.j.t.JMeterThread: Thread finished: Thread Group 1-7
2019-04-01 14:39:00,757 INFO o.a.j.t.JMeterThread: Thread is done: Thread Group 1-1
2019-04-01 14:39:00,757 INFO o.a.j.t.JMeterThread: Thread finished: Thread Group 1-1
2019-04-01 14:39:00,774 INFO o.a.j.t.JMeterThread: Thread is done: Thread Group 1-6
2019-04-01 14:39:00,774 INFO o.a.j.t.JMeterThread: Thread is done: Thread Group 1-9
2019-04-01 14:39:00,774 INFO o.a.j.t.JMeterThread: Thread finished: Thread Group 1-9
2019-04-01 14:39:00,774 INFO o.a.j.t.JMeterThread: Thread finished: Thread Group 1-6
2019-04-01 14:39:00,779 INFO o.a.j.t.JMeterThread: Thread is done: Thread Group 1-10
2019-04-01 14:39:00,779 INFO o.a.j.t.JMeterThread: Thread finished: Thread Group 1-10
2019-04-01 14:39:00,894 INFO o.a.j.t.JMeterThread: Thread is done: Thread Group 1-8
2019-04-01 14:39:00,894 INFO o.a.j.t.JMeterThread: Thread finished: Thread Group 1-8
2019-04-01 14:39:00,894 INFO o.a.j.e.StandardJMeterEngine: Notifying test listeners of end of test
2019-04-01 14:39:00,895 INFO o.a.j.r.Summariser: summary +     19 in 00:00:00 =   48.0/s Avg:   253 Min:   112 Max:   434 Err:     0 (0.00%) Active: 0 Started: 10 Finished: 10
2019-04-01 14:39:00,895 INFO o.a.j.r.Summariser: summary =     20 in 00:00:01 =   25.2/s Avg:   255 Min:   112 Max:   434 Err:     0 (0.00%)
2019-04-01 14:39:00,896 INFO o.a.j.JMeter: Generating Dashboard
2019-04-01 14:39:00,896 INFO o.a.j.r.d.ReportGenerator: Flushing result collector before report Generation
2019-04-01 14:39:00,908 INFO o.a.j.r.p.NormalizerSampleConsumer: Using format, 'ms', to parse timeStamp field
2019-04-01 14:39:00,973 INFO o.a.j.r.p.AbstractSampleConsumer: class org.apache.jmeter.report.processor.AggregateConsumer#stopProducing(): beginDate produced 0 samples
2019-04-01 14:39:00,973 INFO o.a.j.r.p.AbstractSampleConsumer: class org.apache.jmeter.report.processor.AggregateConsumer#stopProducing(): endDate produced 0 samples
2019-04-01 14:39:00,974 INFO o.a.j.r.p.AbstractSampleConsumer: class org.apache.jmeter.report.processor.ApdexSummaryConsumer#stopProducing(): apdexSummary produced 0 samples
2019-04-01 14:39:00,974 INFO o.a.j.r.p.AbstractSampleConsumer: class org.apache.jmeter.report.processor.RequestsSummaryConsumer#stopProducing(): requestsSummary produced 0 samples
2019-04-01 14:39:00,978 INFO o.a.j.r.p.AbstractSampleConsumer: class org.apache.jmeter.report.processor.StatisticsSummaryConsumer#stopProducing(): statisticsSummary produced 0 samples
2019-04-01 14:39:00,981 INFO o.a.j.r.p.AbstractSampleConsumer: class org.apache.jmeter.report.processor.Top5ErrorsBySamplerConsumer#stopProducing(): top5ErrorsBySampler produced 0 samples
2019-04-01 14:39:00,981 INFO o.a.j.r.p.AbstractSampleConsumer: class org.apache.jmeter.report.processor.ErrorsSummaryConsumer#stopProducing(): errorsSummary produced 0 samples
2019-04-01 14:39:00,981 INFO o.a.j.r.p.AbstractSampleConsumer: class org.apache.jmeter.report.processor.graph.impl.HitsPerSecondGraphConsumer#stopProducing(): hitsPerSecond produced 0 samples
2019-04-01 14:39:00,990 INFO o.a.j.r.p.AbstractSampleConsumer: class org.apache.jmeter.report.processor.graph.impl.LatencyVSRequestGraphConsumer#stopProducing(): latencyVsRequest produced 0 samples
2019-04-01 14:39:00,990 INFO o.a.j.r.p.AbstractSampleConsumer: class org.apache.jmeter.report.processor.graph.impl.SyntheticResponseTimeDistributionGraphConsumer#stopProducing(): syntheticResponseTimeDistribution produced 0 samples
2019-04-01 14:39:00,990 INFO o.a.j.r.p.AbstractSampleConsumer: class org.apache.jmeter.report.processor.graph.impl.BytesThroughputGraphConsumer#stopProducing(): bytesThroughputOverTime produced 0 samples
2019-04-01 14:39:00,990 INFO o.a.j.r.p.AbstractSampleConsumer: class org.apache.jmeter.report.processor.graph.impl.CodesPerSecondGraphConsumer#stopProducing(): codesPerSecond produced 0 samples
2019-04-01 14:39:00,992 INFO o.a.j.r.p.AbstractSampleConsumer: class org.apache.jmeter.report.processor.graph.impl.ResponseTimeVSRequestGraphConsumer#stopProducing(): responseTimeVsRequest produced 0 samples
2019-04-01 14:39:00,992 INFO o.a.j.r.p.AbstractSampleConsumer: class org.apache.jmeter.report.processor.FilterConsumer#stopProducing(): startIntervalControlerFilter produced 140 samples
2019-04-01 14:39:00,992 INFO o.a.j.r.p.AbstractSampleConsumer: class org.apache.jmeter.report.processor.graph.impl.ActiveThreadsGraphConsumer#stopProducing(): activeThreadsOverTime produced 0 samples
2019-04-01 14:39:00,992 INFO o.a.j.r.p.AbstractSampleConsumer: class org.apache.jmeter.report.processor.graph.impl.TimeVSThreadGraphConsumer#stopProducing(): timeVsThreads produced 0 samples
2019-04-01 14:39:00,992 INFO o.a.j.r.p.AbstractSampleConsumer: class org.apache.jmeter.report.processor.graph.impl.ResponseTimeDistributionGraphConsumer#stopProducing(): responseTimeDistribution produced 0 samples
2019-04-01 14:39:00,992 INFO o.a.j.r.p.AbstractSampleConsumer: class org.apache.jmeter.report.processor.graph.impl.TransactionsPerSecondGraphConsumer#stopProducing(): transactionsPerSecond produced 0 samples
2019-04-01 14:39:00,992 INFO o.a.j.r.p.AbstractSampleConsumer: class org.apache.jmeter.report.processor.graph.impl.ResponseTimePercentilesGraphConsumer#stopProducing(): responseTimePercentiles produced 0 samples
2019-04-01 14:39:00,993 INFO o.a.j.r.p.AbstractSampleConsumer: class org.apache.jmeter.report.processor.graph.impl.ResponseTimePercentilesOverTimeGraphConsumer#stopProducing(): responseTimePercentilesOverTime produced 0 samples
2019-04-01 14:39:00,993 INFO o.a.j.r.p.AbstractSampleConsumer: class org.apache.jmeter.report.processor.graph.impl.ResponseTimeOverTimeGraphConsumer#stopProducing(): responseTimesOverTime produced 0 samples
2019-04-01 14:39:00,993 INFO o.a.j.r.p.AbstractSampleConsumer: class org.apache.jmeter.report.processor.graph.impl.ConnectTimeOverTimeGraphConsumer#stopProducing(): connectTimeOverTime produced 0 samples
2019-04-01 14:39:00,993 INFO o.a.j.r.p.AbstractSampleConsumer: class org.apache.jmeter.report.processor.graph.impl.LatencyOverTimeGraphConsumer#stopProducing(): latenciesOverTime produced 0 samples
2019-04-01 14:39:00,993 INFO o.a.j.r.p.AbstractSampleConsumer: class org.apache.jmeter.report.processor.FilterConsumer#stopProducing(): nameFilter produced 280 samples
2019-04-01 14:39:00,993 INFO o.a.j.r.p.AbstractSampleConsumer: class org.apache.jmeter.report.processor.FilterConsumer#stopProducing(): dateRangeFilter produced 60 samples
2019-04-01 14:39:00,993 INFO o.a.j.r.p.AbstractSampleConsumer: class org.apache.jmeter.report.processor.NormalizerSampleConsumer#stopProducing(): normalizer produced 20 samples
2019-04-01 14:39:00,994 INFO o.a.j.r.p.CsvFileSampleSource: produce(): 20 samples produced in 65ms on channel 0
2019-04-01 14:39:00,994 INFO o.a.j.r.d.ReportGenerator: Exporting data using exporter:'html' of className:'org.apache.jmeter.report.dashboard.HtmlTemplateExporter'
2019-04-01 14:39:00,996 INFO o.a.j.r.d.HtmlTemplateExporter: Will generate dashboard in folder: /Users/rajeshchaudhary/Documents/experiencePerformance/target/jmeter/reports/Experience_20190401_143858
2019-04-01 14:39:01,047 INFO o.a.j.r.d.HtmlTemplateExporter: Report will be generated in: /Users/rajeshchaudhary/Documents/experiencePerformance/target/jmeter/reports/Experience_20190401_143858, creating folder structure
2019-04-01 14:39:01,242 INFO o.a.j.JMeter: Dashboard generated
